{"uuid":"28771303-07a8-4680-9aa6-efdbcb2efc81","historyId":"d09bb0ac65e4423f9efdf83818884362","fullName":"tests.OrangeHRMTest.setUp","labels":[{"name":"package","value":"tests.OrangeHRMTest"},{"name":"testClass","value":"tests.OrangeHRMTest"},{"name":"testMethod","value":"setUp"},{"name":"parentSuite","value":"ParallelTestSuite"},{"name":"suite","value":"ShoppingFlowTest"},{"name":"subSuite","value":"tests.OrangeHRMTest"},{"name":"host","value":"LAPTOP-QS2SFSJS"},{"name":"thread","value":"9068@LAPTOP-QS2SFSJS.TestNG-test-ShoppingFlowTest-2(34)"},{"name":"framework","value":"testng"},{"name":"language","value":"java"},{"name":"feature","value":"Admin Panel - User Search"},{"name":"epic","value":"OrangeHRM Module"},{"name":"AS_ID","value":"-1"}],"links":[],"name":"setUp","status":"broken","statusDetails":{"known":false,"muted":false,"flaky":false,"message":"Failed to create WebDriver: java.net.URISyntaxException: Illegal character in authority at index 8: https://<username>:<access_key>@hub.browserstack.com/wd/hub","trace":"java.lang.RuntimeException: Failed to create WebDriver: java.net.URISyntaxException: Illegal character in authority at index 8: https://<username>:<access_key>@hub.browserstack.com/wd/hub\r\n\tat utils.WebDriverFactory.createDriver(WebDriverFactory.java:53)\r\n\tat tests.OrangeHRMTest.setUp(OrangeHRMTest.java:20)\r\n\tat java.base/jdk.internal.reflect.DirectMethodHandleAccessor.invoke(DirectMethodHandleAccessor.java:103)\r\n\tat java.base/java.lang.reflect.Method.invoke(Method.java:580)\r\n\tat org.testng.internal.invokers.MethodInvocationHelper.invokeMethod(MethodInvocationHelper.java:141)\r\n\tat org.testng.internal.invokers.MethodInvocationHelper.invokeMethodConsideringTimeout(MethodInvocationHelper.java:71)\r\n\tat org.testng.internal.invokers.ConfigInvoker.invokeConfigurationMethod(ConfigInvoker.java:400)\r\n\tat org.testng.internal.invokers.ConfigInvoker.invokeConfigurations(ConfigInvoker.java:333)\r\n\tat org.testng.internal.invokers.TestInvoker.runConfigMethods(TestInvoker.java:833)\r\n\tat org.testng.internal.invokers.TestInvoker.invokeMethod(TestInvoker.java:600)\r\n\tat org.testng.internal.invokers.TestInvoker.invokeTestMethod(TestInvoker.java:230)\r\n\tat org.testng.internal.invokers.MethodRunner.runInSequence(MethodRunner.java:63)\r\n\tat org.testng.internal.invokers.TestInvoker$MethodInvocationAgent.invoke(TestInvoker.java:992)\r\n\tat org.testng.internal.invokers.TestInvoker.invokeTestMethods(TestInvoker.java:203)\r\n\tat org.testng.internal.invokers.TestMethodWorker.invokeTestMethods(TestMethodWorker.java:154)\r\n\tat org.testng.internal.invokers.TestMethodWorker.run(TestMethodWorker.java:134)\r\n\tat java.base/java.util.concurrent.Executors$RunnableAdapter.call(Executors.java:572)\r\n\tat java.base/java.util.concurrent.FutureTask.run(FutureTask.java:317)\r\n\tat org.testng.internal.thread.graph.TestNGFutureTask.run(TestNGFutureTask.java:22)\r\n\tat java.base/java.util.concurrent.ThreadPoolExecutor.runWorker(ThreadPoolExecutor.java:1144)\r\n\tat java.base/java.util.concurrent.ThreadPoolExecutor$Worker.run(ThreadPoolExecutor.java:642)\r\n\tat java.base/java.lang.Thread.run(Thread.java:1570)\r\n"},"stage":"finished","steps":[],"attachments":[],"parameters":[],"start":1757245934826,"stop":1757245934829}