{"uuid":"43b190e8-b216-4543-a624-0299b3921ed6","historyId":"d09bb0ac65e4423f9efdf83818884362","fullName":"tests.OrangeHRMTest.setUp","labels":[{"name":"package","value":"tests.OrangeHRMTest"},{"name":"testClass","value":"tests.OrangeHRMTest"},{"name":"testMethod","value":"setUp"},{"name":"parentSuite","value":"ParallelTestSuite"},{"name":"suite","value":"ShoppingFlowTest"},{"name":"subSuite","value":"tests.OrangeHRMTest"},{"name":"host","value":"LAPTOP-QS2SFSJS"},{"name":"thread","value":"23696@LAPTOP-QS2SFSJS.TestNG-test-ShoppingFlowTest-3(35)"},{"name":"framework","value":"testng"},{"name":"language","value":"java"},{"name":"feature","value":"Admin Panel - User Search"},{"name":"epic","value":"OrangeHRM Module"},{"name":"AS_ID","value":"-1"}],"links":[],"name":"setUp","status":"broken","statusDetails":{"known":false,"muted":false,"flaky":false,"message":"Failed to create WebDriver: Could not start a new session. Possible causes are invalid address of the remote server or browser start-up failure. \nHost info: host: 'LAPTOP-QS2SFSJS', ip: '192.168.31.114'\nBuild info: version: '4.28.1', revision: '73f5ad48a2'\nSystem info: os.name: 'Windows 11', os.arch: 'amd64', os.version: '10.0', java.version: '22.0.2'\nDriver info: org.openqa.selenium.chrome.ChromeDriver\nCommand: [null, newSession {capabilities=[Capabilities {browserName: chrome, goog:chromeOptions: {args: [--no-sandbox, --disable-dev-shm-usage, --disable-gpu, --window-size=1920,1080], extensions: []}}]}]","trace":"java.lang.RuntimeException: Failed to create WebDriver: Could not start a new session. Possible causes are invalid address of the remote server or browser start-up failure. \nHost info: host: 'LAPTOP-QS2SFSJS', ip: '192.168.31.114'\nBuild info: version: '4.28.1', revision: '73f5ad48a2'\nSystem info: os.name: 'Windows 11', os.arch: 'amd64', os.version: '10.0', java.version: '22.0.2'\nDriver info: org.openqa.selenium.chrome.ChromeDriver\nCommand: [null, newSession {capabilities=[Capabilities {browserName: chrome, goog:chromeOptions: {args: [--no-sandbox, --disable-dev-shm-usage, --disable-gpu, --window-size=1920,1080], extensions: []}}]}]\r\n\tat utils.WebDriverFactory.createDriver(WebDriverFactory.java:82)\r\n\tat tests.OrangeHRMTest.setUp(OrangeHRMTest.java:20)\r\n\tat java.base/jdk.internal.reflect.DirectMethodHandleAccessor.invoke(DirectMethodHandleAccessor.java:103)\r\n\tat java.base/java.lang.reflect.Method.invoke(Method.java:580)\r\n\tat org.testng.internal.invokers.MethodInvocationHelper.invokeMethod(MethodInvocationHelper.java:141)\r\n\tat org.testng.internal.invokers.MethodInvocationHelper.invokeMethodConsideringTimeout(MethodInvocationHelper.java:71)\r\n\tat org.testng.internal.invokers.ConfigInvoker.invokeConfigurationMethod(ConfigInvoker.java:400)\r\n\tat org.testng.internal.invokers.ConfigInvoker.invokeConfigurations(ConfigInvoker.java:333)\r\n\tat org.testng.internal.invokers.TestInvoker.runConfigMethods(TestInvoker.java:833)\r\n\tat org.testng.internal.invokers.TestInvoker.invokeMethod(TestInvoker.java:600)\r\n\tat org.testng.internal.invokers.TestInvoker.invokeTestMethod(TestInvoker.java:230)\r\n\tat org.testng.internal.invokers.MethodRunner.runInSequence(MethodRunner.java:63)\r\n\tat org.testng.internal.invokers.TestInvoker$MethodInvocationAgent.invoke(TestInvoker.java:992)\r\n\tat org.testng.internal.invokers.TestInvoker.invokeTestMethods(TestInvoker.java:203)\r\n\tat org.testng.internal.invokers.TestMethodWorker.invokeTestMethods(TestMethodWorker.java:154)\r\n\tat org.testng.internal.invokers.TestMethodWorker.run(TestMethodWorker.java:134)\r\n\tat java.base/java.util.concurrent.Executors$RunnableAdapter.call(Executors.java:572)\r\n\tat java.base/java.util.concurrent.FutureTask.run(FutureTask.java:317)\r\n\tat org.testng.internal.thread.graph.TestNGFutureTask.run(TestNGFutureTask.java:22)\r\n\tat java.base/java.util.concurrent.ThreadPoolExecutor.runWorker(ThreadPoolExecutor.java:1144)\r\n\tat java.base/java.util.concurrent.ThreadPoolExecutor$Worker.run(ThreadPoolExecutor.java:642)\r\n\tat java.base/java.lang.Thread.run(Thread.java:1570)\r\nCaused by: org.openqa.selenium.SessionNotCreatedException: Could not start a new session. Possible causes are invalid address of the remote server or browser start-up failure. \nHost info: host: 'LAPTOP-QS2SFSJS', ip: '192.168.31.114'\nBuild info: version: '4.28.1', revision: '73f5ad48a2'\nSystem info: os.name: 'Windows 11', os.arch: 'amd64', os.version: '10.0', java.version: '22.0.2'\nDriver info: org.openqa.selenium.chrome.ChromeDriver\nCommand: [null, newSession {capabilities=[Capabilities {browserName: chrome, goog:chromeOptions: {args: [--no-sandbox, --disable-dev-shm-usage, --disable-gpu, --window-size=1920,1080], extensions: []}}]}]\r\n\tat org.openqa.selenium.remote.RemoteWebDriver.execute(RemoteWebDriver.java:563)\r\n\tat org.openqa.selenium.remote.RemoteWebDriver.startSession(RemoteWebDriver.java:245)\r\n\tat org.openqa.selenium.remote.RemoteWebDriver.<init>(RemoteWebDriver.java:174)\r\n\tat org.openqa.selenium.chromium.ChromiumDriver.<init>(ChromiumDriver.java:114)\r\n\tat org.openqa.selenium.chrome.ChromeDriver.<init>(ChromeDriver.java:88)\r\n\tat org.openqa.selenium.chrome.ChromeDriver.<init>(ChromeDriver.java:83)\r\n\tat org.openqa.selenium.chrome.ChromeDriver.<init>(ChromeDriver.java:72)\r\n\tat utils.WebDriverFactory.createDriver(WebDriverFactory.java:77)\r\n\t... 21 more\r\nCaused by: java.io.UncheckedIOException: java.io.IOException: Cannot run program \"C:\\Users\\kiran\\.cache\\selenium\\chromedriver\\win64\\140.0.7339.80\\sm.lock\": CreateProcess error=32, The process cannot access the file because it is being used by another process\r\n\tat org.openqa.selenium.os.ExternalProcess$Builder.start(ExternalProcess.java:195)\r\n\tat org.openqa.selenium.remote.service.DriverService.start(DriverService.java:208)\r\n\tat org.openqa.selenium.remote.service.DriverCommandExecutor.execute(DriverCommandExecutor.java:117)\r\n\tat org.openqa.selenium.remote.RemoteWebDriver.execute(RemoteWebDriver.java:545)\r\n\t... 28 more\r\nCaused by: java.io.IOException: Cannot run program \"C:\\Users\\kiran\\.cache\\selenium\\chromedriver\\win64\\140.0.7339.80\\sm.lock\": CreateProcess error=32, The process cannot access the file because it is being used by another process\r\n\tat java.base/java.lang.ProcessBuilder.start(ProcessBuilder.java:1170)\r\n\tat java.base/java.lang.ProcessBuilder.start(ProcessBuilder.java:1089)\r\n\tat org.openqa.selenium.os.ExternalProcess$Builder.start(ExternalProcess.java:193)\r\n\t... 31 more\r\nCaused by: java.io.IOException: CreateProcess error=32, The process cannot access the file because it is being used by another process\r\n\tat java.base/java.lang.ProcessImpl.create(Native Method)\r\n\tat java.base/java.lang.ProcessImpl.<init>(ProcessImpl.java:500)\r\n\tat java.base/java.lang.ProcessImpl.start(ProcessImpl.java:159)\r\n\tat java.base/java.lang.ProcessBuilder.start(ProcessBuilder.java:1126)\r\n\t... 33 more\r\n"},"stage":"finished","steps":[],"attachments":[],"parameters":[],"start":1757311079874,"stop":1757311079875}