{"uuid":"e3f7f2a8-edf6-47f8-8a54-d716cf85ab67","historyId":"d09bb0ac65e4423f9efdf83818884362","fullName":"tests.OrangeHRMTest.setUp","labels":[{"name":"package","value":"tests.OrangeHRMTest"},{"name":"testClass","value":"tests.OrangeHRMTest"},{"name":"testMethod","value":"setUp"},{"name":"parentSuite","value":"ParallelTestSuite"},{"name":"suite","value":"ShoppingFlowTest"},{"name":"subSuite","value":"tests.OrangeHRMTest"},{"name":"host","value":"LAPTOP-QS2SFSJS"},{"name":"thread","value":"16396@LAPTOP-QS2SFSJS.TestNG-test-ShoppingFlowTest-3(36)"},{"name":"framework","value":"testng"},{"name":"language","value":"java"},{"name":"feature","value":"Admin Panel - User Search"},{"name":"epic","value":"OrangeHRM Module"},{"name":"AS_ID","value":"-1"}],"links":[],"name":"setUp","status":"broken","statusDetails":{"known":false,"muted":false,"flaky":false,"message":"Failed to create WebDriver: Cloud credentials not found! Set them as environment variables or system properties.","trace":"java.lang.RuntimeException: Failed to create WebDriver: Cloud credentials not found! Set them as environment variables or system properties.\r\n\tat utils.WebDriverFactory.createDriver(WebDriverFactory.java:82)\r\n\tat tests.OrangeHRMTest.setUp(OrangeHRMTest.java:20)\r\n\tat java.base/jdk.internal.reflect.DirectMethodHandleAccessor.invoke(DirectMethodHandleAccessor.java:103)\r\n\tat java.base/java.lang.reflect.Method.invoke(Method.java:580)\r\n\tat org.testng.internal.invokers.MethodInvocationHelper.invokeMethod(MethodInvocationHelper.java:141)\r\n\tat org.testng.internal.invokers.MethodInvocationHelper.invokeMethodConsideringTimeout(MethodInvocationHelper.java:71)\r\n\tat org.testng.internal.invokers.ConfigInvoker.invokeConfigurationMethod(ConfigInvoker.java:400)\r\n\tat org.testng.internal.invokers.ConfigInvoker.invokeConfigurations(ConfigInvoker.java:333)\r\n\tat org.testng.internal.invokers.TestInvoker.runConfigMethods(TestInvoker.java:833)\r\n\tat org.testng.internal.invokers.TestInvoker.invokeMethod(TestInvoker.java:600)\r\n\tat org.testng.internal.invokers.TestInvoker.invokeTestMethod(TestInvoker.java:230)\r\n\tat org.testng.internal.invokers.MethodRunner.runInSequence(MethodRunner.java:63)\r\n\tat org.testng.internal.invokers.TestInvoker$MethodInvocationAgent.invoke(TestInvoker.java:992)\r\n\tat org.testng.internal.invokers.TestInvoker.invokeTestMethods(TestInvoker.java:203)\r\n\tat org.testng.internal.invokers.TestMethodWorker.invokeTestMethods(TestMethodWorker.java:154)\r\n\tat org.testng.internal.invokers.TestMethodWorker.run(TestMethodWorker.java:134)\r\n\tat java.base/java.util.concurrent.Executors$RunnableAdapter.call(Executors.java:572)\r\n\tat java.base/java.util.concurrent.FutureTask.run(FutureTask.java:317)\r\n\tat org.testng.internal.thread.graph.TestNGFutureTask.run(TestNGFutureTask.java:22)\r\n\tat java.base/java.util.concurrent.ThreadPoolExecutor.runWorker(ThreadPoolExecutor.java:1144)\r\n\tat java.base/java.util.concurrent.ThreadPoolExecutor$Worker.run(ThreadPoolExecutor.java:642)\r\n\tat java.base/java.lang.Thread.run(Thread.java:1570)\r\nCaused by: java.lang.RuntimeException: Cloud credentials not found! Set them as environment variables or system properties.\r\n\tat utils.WebDriverFactory.createDriver(WebDriverFactory.java:62)\r\n\t... 21 more\r\n"},"stage":"finished","steps":[],"attachments":[],"parameters":[],"start":1757253788469,"stop":1757253788472}