{"uid":"924441d65a5bfd18","name":"testSearchInAdminPage","fullName":"tests.OrangeHRMTest.testSearchInAdminPage","historyId":"183dfb5748f7c77c469c4a53ac280cbc","time":{"start":1757243575464,"stop":1757243575465,"duration":1},"description":"Logs in, navigates to Admin panel, searches for a user by username and role","descriptionHtml":"<p>Logs in, navigates to Admin panel, searches for a user by username and role</p>\n","status":"skipped","statusMessage":"Failed to create WebDriver: java.net.URISyntaxException: Illegal character in authority at index 8: https://<username>:<access_key>@hub.browserstack.com/wd/hub","statusTrace":"java.lang.RuntimeException: Failed to create WebDriver: java.net.URISyntaxException: Illegal character in authority at index 8: https://<username>:<access_key>@hub.browserstack.com/wd/hub\r\n\tat utils.WebDriverFactory.createDriver(WebDriverFactory.java:53)\r\n\tat tests.OrangeHRMTest.setUp(OrangeHRMTest.java:20)\r\n\tat java.base/jdk.internal.reflect.DirectMethodHandleAccessor.invoke(DirectMethodHandleAccessor.java:103)\r\n\tat java.base/java.lang.reflect.Method.invoke(Method.java:580)\r\n\tat org.testng.internal.invokers.MethodInvocationHelper.invokeMethod(MethodInvocationHelper.java:141)\r\n\tat org.testng.internal.invokers.MethodInvocationHelper.invokeMethodConsideringTimeout(MethodInvocationHelper.java:71)\r\n\tat org.testng.internal.invokers.ConfigInvoker.invokeConfigurationMethod(ConfigInvoker.java:400)\r\n\tat org.testng.internal.invokers.ConfigInvoker.invokeConfigurations(ConfigInvoker.java:333)\r\n\tat org.testng.internal.invokers.TestInvoker.runConfigMethods(TestInvoker.java:833)\r\n\tat org.testng.internal.invokers.TestInvoker.invokeMethod(TestInvoker.java:600)\r\n\tat org.testng.internal.invokers.TestInvoker.invokeTestMethod(TestInvoker.java:230)\r\n\tat org.testng.internal.invokers.MethodRunner.runInSequence(MethodRunner.java:63)\r\n\tat org.testng.internal.invokers.TestInvoker$MethodInvocationAgent.invoke(TestInvoker.java:992)\r\n\tat org.testng.internal.invokers.TestInvoker.invokeTestMethods(TestInvoker.java:203)\r\n\tat org.testng.internal.invokers.TestMethodWorker.invokeTestMethods(TestMethodWorker.java:154)\r\n\tat org.testng.internal.invokers.TestMethodWorker.run(TestMethodWorker.java:134)\r\n\tat java.base/java.util.concurrent.Executors$RunnableAdapter.call(Executors.java:572)\r\n\tat java.base/java.util.concurrent.FutureTask.run(FutureTask.java:317)\r\n\tat org.testng.internal.thread.graph.TestNGFutureTask.run(TestNGFutureTask.java:22)\r\n\tat java.base/java.util.concurrent.ThreadPoolExecutor.runWorker(ThreadPoolExecutor.java:1144)\r\n\tat java.base/java.util.concurrent.ThreadPoolExecutor$Worker.run(ThreadPoolExecutor.java:642)\r\n\tat java.base/java.lang.Thread.run(Thread.java:1570)\r\n","flaky":false,"newFailed":false,"newBroken":false,"newPassed":false,"retriesCount":0,"retriesStatusChange":false,"beforeStages":[{"name":"setUp","time":{"start":1757243575261,"stop":1757243575328,"duration":67},"description":"","status":"broken","statusMessage":"Failed to create WebDriver: java.net.URISyntaxException: Illegal character in authority at index 8: https://<username>:<access_key>@hub.browserstack.com/wd/hub","statusTrace":"java.lang.RuntimeException: Failed to create WebDriver: java.net.URISyntaxException: Illegal character in authority at index 8: https://<username>:<access_key>@hub.browserstack.com/wd/hub\r\n\tat utils.WebDriverFactory.createDriver(WebDriverFactory.java:53)\r\n\tat tests.OrangeHRMTest.setUp(OrangeHRMTest.java:20)\r\n\tat java.base/jdk.internal.reflect.DirectMethodHandleAccessor.invoke(DirectMethodHandleAccessor.java:103)\r\n\tat java.base/java.lang.reflect.Method.invoke(Method.java:580)\r\n\tat org.testng.internal.invokers.MethodInvocationHelper.invokeMethod(MethodInvocationHelper.java:141)\r\n\tat org.testng.internal.invokers.MethodInvocationHelper.invokeMethodConsideringTimeout(MethodInvocationHelper.java:71)\r\n\tat org.testng.internal.invokers.ConfigInvoker.invokeConfigurationMethod(ConfigInvoker.java:400)\r\n\tat org.testng.internal.invokers.ConfigInvoker.invokeConfigurations(ConfigInvoker.java:333)\r\n\tat org.testng.internal.invokers.TestInvoker.runConfigMethods(TestInvoker.java:833)\r\n\tat org.testng.internal.invokers.TestInvoker.invokeMethod(TestInvoker.java:600)\r\n\tat org.testng.internal.invokers.TestInvoker.invokeTestMethod(TestInvoker.java:230)\r\n\tat org.testng.internal.invokers.MethodRunner.runInSequence(MethodRunner.java:63)\r\n\tat org.testng.internal.invokers.TestInvoker$MethodInvocationAgent.invoke(TestInvoker.java:992)\r\n\tat org.testng.internal.invokers.TestInvoker.invokeTestMethods(TestInvoker.java:203)\r\n\tat org.testng.internal.invokers.TestMethodWorker.invokeTestMethods(TestMethodWorker.java:154)\r\n\tat org.testng.internal.invokers.TestMethodWorker.run(TestMethodWorker.java:134)\r\n\tat java.base/java.util.concurrent.Executors$RunnableAdapter.call(Executors.java:572)\r\n\tat java.base/java.util.concurrent.FutureTask.run(FutureTask.java:317)\r\n\tat org.testng.internal.thread.graph.TestNGFutureTask.run(TestNGFutureTask.java:22)\r\n\tat java.base/java.util.concurrent.ThreadPoolExecutor.runWorker(ThreadPoolExecutor.java:1144)\r\n\tat java.base/java.util.concurrent.ThreadPoolExecutor$Worker.run(ThreadPoolExecutor.java:642)\r\n\tat java.base/java.lang.Thread.run(Thread.java:1570)\r\n","steps":[],"attachments":[],"parameters":[],"shouldDisplayMessage":true,"stepsCount":0,"attachmentsCount":0,"hasContent":true,"attachmentStep":false}],"afterStages":[{"name":"tearDown","time":{"start":1757243575475,"stop":1757243575475,"duration":0},"description":"","status":"broken","steps":[],"attachments":[],"parameters":[],"shouldDisplayMessage":false,"stepsCount":0,"attachmentsCount":0,"hasContent":false,"attachmentStep":false}],"labels":[{"name":"package","value":"tests.OrangeHRMTest"},{"name":"testClass","value":"tests.OrangeHRMTest"},{"name":"testMethod","value":"testSearchInAdminPage"},{"name":"parentSuite","value":"ParallelTestSuite"},{"name":"suite","value":"ShoppingFlowTest"},{"name":"subSuite","value":"tests.OrangeHRMTest"},{"name":"host","value":"LAPTOP-QS2SFSJS"},{"name":"thread","value":"27788@LAPTOP-QS2SFSJS.TestNG-test-ShoppingFlowTest-2(35)"},{"name":"framework","value":"testng"},{"name":"language","value":"java"},{"name":"story","value":"Search user by name and role"},{"name":"feature","value":"Admin Panel - User Search"},{"name":"epic","value":"OrangeHRM Module"},{"name":"severity","value":"critical"},{"name":"resultFormat","value":"allure2"}],"parameters":[],"links":[],"hidden":true,"retry":true,"extra":{"categories":[],"tags":[]},"source":"924441d65a5bfd18.json","parameterValues":[]}